2020-01-19 15:13:59,066 ERROR 96033 [-/127.0.0.1/-/9ms GET /] nodejs.TypeError: ctx.helper.readHtml is not a function
    at HomeController.index (/Users/sunchao/Documents/workspace/myself/dockerVue/server/app/controller/home.js:6:35)
    at Object.callFn (/Users/sunchao/Documents/workspace/myself/dockerVue/server/node_modules/egg-core/lib/utils/index.js:44:21)
    at Object.classControllerMiddleware (/Users/sunchao/Documents/workspace/myself/dockerVue/server/node_modules/egg-core/lib/loader/mixin/controller.js:87:20)
    at Object.callFn (/Users/sunchao/Documents/workspace/myself/dockerVue/server/node_modules/@eggjs/router/lib/utils.js:12:21)
    at wrappedController (/Users/sunchao/Documents/workspace/myself/dockerVue/server/node_modules/@eggjs/router/lib/egg_router.js:322:18)
    at dispatch (/Users/sunchao/Documents/workspace/myself/dockerVue/server/node_modules/koa-compose/index.js:44:32)
    at next (/Users/sunchao/Documents/workspace/myself/dockerVue/server/node_modules/koa-compose/index.js:45:18)
    at /Users/sunchao/Documents/workspace/myself/dockerVue/server/node_modules/@eggjs/router/lib/router.js:190:18
    at dispatch (/Users/sunchao/Documents/workspace/myself/dockerVue/server/node_modules/koa-compose/index.js:44:32)
    at /Users/sunchao/Documents/workspace/myself/dockerVue/server/node_modules/koa-compose/index.js:36:12

pid: 96033
hostname: localhost

2020-01-19 15:44:40,183 ERROR 97969 [-/127.0.0.1/-/13ms GET /] nodejs.ENOENTError: ENOENT: no such file or directory, open '/Users/sunchao/Documents/workspace/myself/dockerVue/server/app/public/index.html'
    at Object.fs.openSync (fs.js:646:18)
    at Object.fs.readFileSync (fs.js:551:33)
    at HomeController.index (/Users/sunchao/Documents/workspace/myself/dockerVue/server/app/controller/home.js:8:21)
    at Object.callFn (/Users/sunchao/Documents/workspace/myself/dockerVue/server/node_modules/egg-core/lib/utils/index.js:44:21)
    at Object.classControllerMiddleware (/Users/sunchao/Documents/workspace/myself/dockerVue/server/node_modules/egg-core/lib/loader/mixin/controller.js:87:20)
    at Object.callFn (/Users/sunchao/Documents/workspace/myself/dockerVue/server/node_modules/@eggjs/router/lib/utils.js:12:21)
    at wrappedController (/Users/sunchao/Documents/workspace/myself/dockerVue/server/node_modules/@eggjs/router/lib/egg_router.js:322:18)
    at dispatch (/Users/sunchao/Documents/workspace/myself/dockerVue/server/node_modules/koa-compose/index.js:44:32)
    at next (/Users/sunchao/Documents/workspace/myself/dockerVue/server/node_modules/koa-compose/index.js:45:18)
    at /Users/sunchao/Documents/workspace/myself/dockerVue/server/node_modules/@eggjs/router/lib/router.js:190:18
errno: -2
code: "ENOENT"
syscall: "open"
path: "/Users/sunchao/Documents/workspace/myself/dockerVue/server/app/public/index.html"
name: "ENOENTError"
pid: 97969
hostname: localhost

