2020-01-19 15:13:26,623 INFO 96033 [egg:logger] init all loggers with options: {"dir":"/Users/sunchao/Documents/workspace/myself/dockerVue/server/logs/server","encoding":"utf8","env":"local","level":"INFO","consoleLevel":"INFO","disableConsoleAfterReady":false,"outputJSON":false,"buffer":true,"appLogName":"server-web.log","coreLogName":"egg-web.log","agentLogName":"egg-agent.log","errorLogName":"common-error.log","coreLogger":{"consoleLevel":"WARN"},"allowDebugAtProd":false,"type":"application"}
2020-01-19 15:13:26,660 INFO 96033 [egg-multipart] stream mode enable
2020-01-19 15:13:26,753 INFO 96033 [egg-static] starting static serve /public/ -> /Users/sunchao/Documents/workspace/myself/dockerVue/server/app/public
2020-01-19 15:13:26,756 INFO 96033 [egg-security] use csrf middleware
2020-01-19 15:13:26,757 INFO 96033 [egg-security] use methodnoallow middleware
2020-01-19 15:13:26,758 INFO 96033 [egg-security] use noopen middleware
2020-01-19 15:13:26,759 INFO 96033 [egg-security] use nosniff middleware
2020-01-19 15:13:26,759 INFO 96033 [egg-security] use xssProtection middleware
2020-01-19 15:13:26,760 INFO 96033 [egg-security] use xframe middleware
2020-01-19 15:13:26,760 INFO 96033 [egg-security] use dta middleware
2020-01-19 15:13:26,760 INFO 96033 [egg-security] compose 7 middlewares into one security middleware
2020-01-19 15:13:26,768 INFO 96033 [egg:core] dump config after load, 4ms
2020-01-19 15:13:26,782 INFO 96033 [egg-watcher:application] watcher start success
2020-01-19 15:13:26,790 INFO 96033 [egg:core] dump config after ready, 6ms
2020-01-19 15:44:38,074 INFO 97969 [egg:logger] init all loggers with options: {"dir":"/Users/sunchao/Documents/workspace/myself/dockerVue/server/logs/server","encoding":"utf8","env":"local","level":"INFO","consoleLevel":"INFO","disableConsoleAfterReady":false,"outputJSON":false,"buffer":true,"appLogName":"server-web.log","coreLogName":"egg-web.log","agentLogName":"egg-agent.log","errorLogName":"common-error.log","coreLogger":{"consoleLevel":"WARN"},"allowDebugAtProd":false,"type":"application"}
2020-01-19 15:44:38,132 INFO 97969 [egg-multipart] stream mode enable
2020-01-19 15:44:38,257 INFO 97969 [egg-static] starting static serve /public/ -> /Users/sunchao/Documents/workspace/myself/dockerVue/server/app/public
2020-01-19 15:44:38,261 INFO 97969 [egg-security] use csrf middleware
2020-01-19 15:44:38,262 INFO 97969 [egg-security] use methodnoallow middleware
2020-01-19 15:44:38,263 INFO 97969 [egg-security] use noopen middleware
2020-01-19 15:44:38,265 INFO 97969 [egg-security] use nosniff middleware
2020-01-19 15:44:38,266 INFO 97969 [egg-security] use xssProtection middleware
2020-01-19 15:44:38,267 INFO 97969 [egg-security] use xframe middleware
2020-01-19 15:44:38,268 INFO 97969 [egg-security] use dta middleware
2020-01-19 15:44:38,268 INFO 97969 [egg-security] compose 7 middlewares into one security middleware
2020-01-19 15:44:38,278 INFO 97969 [egg:core] dump config after load, 6ms
2020-01-19 15:44:38,289 INFO 97969 [egg-watcher:application] watcher start success
2020-01-19 15:44:38,297 INFO 97969 [egg:core] dump config after ready, 6ms
2020-01-19 15:44:40,873 INFO 97972 [egg:logger] init all loggers with options: {"dir":"/Users/sunchao/Documents/workspace/myself/dockerVue/server/logs/server","encoding":"utf8","env":"local","level":"INFO","consoleLevel":"INFO","disableConsoleAfterReady":false,"outputJSON":false,"buffer":true,"appLogName":"server-web.log","coreLogName":"egg-web.log","agentLogName":"egg-agent.log","errorLogName":"common-error.log","coreLogger":{"consoleLevel":"WARN"},"allowDebugAtProd":false,"type":"application"}
2020-01-19 15:44:41,030 INFO 97972 [egg-multipart] stream mode enable
2020-01-19 15:44:41,291 INFO 97972 [egg-static] starting static serve /public/ -> /Users/sunchao/Documents/workspace/myself/dockerVue/server/app/public
2020-01-19 15:44:41,304 INFO 97972 [egg-security] use csrf middleware
2020-01-19 15:44:41,305 INFO 97972 [egg-security] use methodnoallow middleware
2020-01-19 15:44:41,306 INFO 97972 [egg-security] use noopen middleware
2020-01-19 15:44:41,307 INFO 97972 [egg-security] use nosniff middleware
2020-01-19 15:44:41,308 INFO 97972 [egg-security] use xssProtection middleware
2020-01-19 15:44:41,308 INFO 97972 [egg-security] use xframe middleware
2020-01-19 15:44:41,309 INFO 97972 [egg-security] use dta middleware
2020-01-19 15:44:41,309 INFO 97972 [egg-security] compose 7 middlewares into one security middleware
2020-01-19 15:44:41,421 INFO 97972 [egg:core] dump config after load, 25ms
2020-01-19 15:44:41,481 INFO 97972 [egg-watcher:application] watcher start success
2020-01-19 15:44:41,503 INFO 97972 [egg:core] dump config after ready, 19ms
2020-01-19 15:46:08,058 INFO 98154 [egg:logger] init all loggers with options: {"dir":"/Users/sunchao/Documents/workspace/myself/dockerVue/server/logs/server","encoding":"utf8","env":"local","level":"INFO","consoleLevel":"INFO","disableConsoleAfterReady":false,"outputJSON":false,"buffer":true,"appLogName":"server-web.log","coreLogName":"egg-web.log","agentLogName":"egg-agent.log","errorLogName":"common-error.log","coreLogger":{"consoleLevel":"WARN"},"allowDebugAtProd":false,"type":"application"}
2020-01-19 15:46:08,125 INFO 98154 [egg-multipart] stream mode enable
2020-01-19 15:46:08,257 INFO 98154 [egg-static] starting static serve /public/ -> /Users/sunchao/Documents/workspace/myself/dockerVue/server/app/public
2020-01-19 15:46:08,260 INFO 98154 [egg-security] use csrf middleware
2020-01-19 15:46:08,262 INFO 98154 [egg-security] use methodnoallow middleware
2020-01-19 15:46:08,262 INFO 98154 [egg-security] use noopen middleware
2020-01-19 15:46:08,263 INFO 98154 [egg-security] use nosniff middleware
2020-01-19 15:46:08,264 INFO 98154 [egg-security] use xssProtection middleware
2020-01-19 15:46:08,265 INFO 98154 [egg-security] use xframe middleware
2020-01-19 15:46:08,265 INFO 98154 [egg-security] use dta middleware
2020-01-19 15:46:08,265 INFO 98154 [egg-security] compose 7 middlewares into one security middleware
2020-01-19 15:46:08,276 INFO 98154 [egg:core] dump config after load, 6ms
2020-01-19 15:46:08,293 INFO 98154 [egg-watcher:application] watcher start success
2020-01-19 15:46:08,299 INFO 98154 [egg:core] dump config after ready, 4ms
2020-01-19 15:54:39,495 INFO 98654 [egg:logger] init all loggers with options: {"dir":"/Users/sunchao/Documents/workspace/myself/dockerVue/server/logs/server","encoding":"utf8","env":"local","level":"INFO","consoleLevel":"INFO","disableConsoleAfterReady":false,"outputJSON":false,"buffer":true,"appLogName":"server-web.log","coreLogName":"egg-web.log","agentLogName":"egg-agent.log","errorLogName":"common-error.log","coreLogger":{"consoleLevel":"WARN"},"allowDebugAtProd":false,"type":"application"}
2020-01-19 15:54:39,764 INFO 98654 [egg-multipart] stream mode enable
2020-01-19 15:54:39,843 INFO 98654 [egg-static] starting static serve /public -> /Users/sunchao/Documents/workspace/myself/dockerVue/server/app/public
2020-01-19 15:54:39,846 INFO 98654 [egg-security] use csrf middleware
2020-01-19 15:54:39,846 INFO 98654 [egg-security] use methodnoallow middleware
2020-01-19 15:54:39,847 INFO 98654 [egg-security] use noopen middleware
2020-01-19 15:54:39,850 INFO 98654 [egg-security] use nosniff middleware
2020-01-19 15:54:39,851 INFO 98654 [egg-security] use xssProtection middleware
2020-01-19 15:54:39,876 INFO 98654 [egg-security] use xframe middleware
2020-01-19 15:54:39,877 INFO 98654 [egg-security] use dta middleware
2020-01-19 15:54:39,877 INFO 98654 [egg-security] compose 7 middlewares into one security middleware
2020-01-19 15:54:39,896 INFO 98654 [egg:core] dump config after load, 6ms
2020-01-19 15:54:39,912 INFO 98654 [egg-watcher:application] watcher start success
2020-01-19 15:54:39,920 INFO 98654 [egg:core] dump config after ready, 5ms
2020-01-19 15:56:35,113 INFO 98810 [egg:logger] init all loggers with options: {"dir":"/Users/sunchao/Documents/workspace/myself/dockerVue/server/logs/server","encoding":"utf8","env":"local","level":"INFO","consoleLevel":"INFO","disableConsoleAfterReady":false,"outputJSON":false,"buffer":true,"appLogName":"server-web.log","coreLogName":"egg-web.log","agentLogName":"egg-agent.log","errorLogName":"common-error.log","coreLogger":{"consoleLevel":"WARN"},"allowDebugAtProd":false,"type":"application"}
2020-01-19 15:56:35,157 INFO 98810 [egg-multipart] stream mode enable
2020-01-19 15:56:35,255 INFO 98810 [egg-static] starting static serve /public -> /Users/sunchao/Documents/workspace/myself/dockerVue/server/app/public
2020-01-19 15:56:35,258 INFO 98810 [egg-security] use csrf middleware
2020-01-19 15:56:35,260 INFO 98810 [egg-security] use methodnoallow middleware
2020-01-19 15:56:35,261 INFO 98810 [egg-security] use noopen middleware
2020-01-19 15:56:35,263 INFO 98810 [egg-security] use nosniff middleware
2020-01-19 15:56:35,264 INFO 98810 [egg-security] use xssProtection middleware
2020-01-19 15:56:35,265 INFO 98810 [egg-security] use xframe middleware
2020-01-19 15:56:35,266 INFO 98810 [egg-security] use dta middleware
2020-01-19 15:56:35,266 INFO 98810 [egg-security] compose 7 middlewares into one security middleware
2020-01-19 15:56:35,277 INFO 98810 [egg:core] dump config after load, 6ms
2020-01-19 15:56:35,291 INFO 98810 [egg-watcher:application] watcher start success
2020-01-19 15:56:35,297 INFO 98810 [egg:core] dump config after ready, 5ms
2020-01-19 16:00:35,410 INFO 99037 [egg:logger] init all loggers with options: {"dir":"/Users/sunchao/Documents/workspace/myself/dockerVue/server/logs/server","encoding":"utf8","env":"local","level":"INFO","consoleLevel":"INFO","disableConsoleAfterReady":false,"outputJSON":false,"buffer":true,"appLogName":"server-web.log","coreLogName":"egg-web.log","agentLogName":"egg-agent.log","errorLogName":"common-error.log","coreLogger":{"consoleLevel":"WARN"},"allowDebugAtProd":false,"type":"application"}
2020-01-19 16:00:35,451 INFO 99037 [egg-multipart] stream mode enable
2020-01-19 16:00:35,536 INFO 99037 [egg-static] starting static serve /public/ -> /Users/sunchao/Documents/workspace/myself/dockerVue/server/app/public
2020-01-19 16:00:35,540 INFO 99037 [egg-security] use csrf middleware
2020-01-19 16:00:35,542 INFO 99037 [egg-security] use methodnoallow middleware
2020-01-19 16:00:35,544 INFO 99037 [egg-security] use noopen middleware
2020-01-19 16:00:35,546 INFO 99037 [egg-security] use nosniff middleware
2020-01-19 16:00:35,547 INFO 99037 [egg-security] use xssProtection middleware
2020-01-19 16:00:35,549 INFO 99037 [egg-security] use xframe middleware
2020-01-19 16:00:35,549 INFO 99037 [egg-security] use dta middleware
2020-01-19 16:00:35,549 INFO 99037 [egg-security] compose 7 middlewares into one security middleware
2020-01-19 16:00:35,558 INFO 99037 [egg:core] dump config after load, 4ms
2020-01-19 16:00:35,569 INFO 99037 [egg-watcher:application] watcher start success
2020-01-19 16:00:35,575 INFO 99037 [egg:core] dump config after ready, 4ms
2020-01-19 17:00:19,943 INFO 3020 [egg:logger] init all loggers with options: {"dir":"/Users/sunchao/Documents/workspace/myself/dockerVue/server/logs/server","encoding":"utf8","env":"local","level":"INFO","consoleLevel":"INFO","disableConsoleAfterReady":false,"outputJSON":false,"buffer":true,"appLogName":"server-web.log","coreLogName":"egg-web.log","agentLogName":"egg-agent.log","errorLogName":"common-error.log","coreLogger":{"consoleLevel":"WARN"},"allowDebugAtProd":false,"type":"application"}
2020-01-19 17:00:19,972 INFO 3020 [egg-multipart] stream mode enable
2020-01-19 17:00:20,049 INFO 3020 [egg-static] starting static serve /public/ -> /Users/sunchao/Documents/workspace/myself/dockerVue/server/app/public
2020-01-19 17:00:20,052 INFO 3020 [egg-security] use csrf middleware
2020-01-19 17:00:20,053 INFO 3020 [egg-security] use methodnoallow middleware
2020-01-19 17:00:20,054 INFO 3020 [egg-security] use noopen middleware
2020-01-19 17:00:20,055 INFO 3020 [egg-security] use nosniff middleware
2020-01-19 17:00:20,056 INFO 3020 [egg-security] use xssProtection middleware
2020-01-19 17:00:20,056 INFO 3020 [egg-security] use xframe middleware
2020-01-19 17:00:20,057 INFO 3020 [egg-security] use dta middleware
2020-01-19 17:00:20,057 INFO 3020 [egg-security] compose 7 middlewares into one security middleware
2020-01-19 17:00:20,066 INFO 3020 [egg:core] dump config after load, 5ms
2020-01-19 17:00:20,082 INFO 3020 [egg-watcher:application] watcher start success
2020-01-19 17:00:20,090 INFO 3020 [egg:core] dump config after ready, 5ms
